2017-07-24 00:20:47 - Starting Application v0.1.0 on Yuxis-MacBook-Pro.local with PID 74465 (/Users/yuxij/Documents/jyx1369_cd/pp/foodtrucks/target/foodtruck-nearby-service-0.1.0.jar started by yuxij in /Users/yuxij/Documents/jyx1369_cd/pp/foodtrucks)
2017-07-24 00:20:47 - Running with Spring Boot v1.5.3.RELEASE, Spring v4.3.8.RELEASE
2017-07-24 00:20:47 - No active profile set, falling back to default profiles: default
2017-07-24 00:20:52 - Started Application in 5.169 seconds (JVM running for 5.751)
2017-07-24 00:21:00 - controller advice:model Attribute
2017-07-24 00:21:13 - controller advice:model Attribute
2017-07-24 00:21:13 - controller advice: init binder
2017-07-24 00:21:13 - controller advice: init binder
2017-07-24 00:21:13 - Found 0 foodtrucks within 1.0 miles from location { latitude: 37.8590937, longitude: -122.4852507}
2017-07-24 00:21:24 - controller advice:model Attribute
2017-07-24 00:21:24 - controller advice: init binder
2017-07-24 00:21:24 - controller advice: init binder
2017-07-24 00:21:24 - Found 0 foodtrucks within 1.0 miles from location { latitude: 37.5629917, longitude: -122.3255254}
2017-07-24 00:22:42 - Starting Application v0.1.0 on Yuxis-MacBook-Pro.local with PID 74515 (/Users/yuxij/Documents/jyx1369_cd/pp/foodtrucks/target/foodtruck-nearby-service-0.1.0.jar started by yuxij in /Users/yuxij/Documents/jyx1369_cd/pp/foodtrucks)
2017-07-24 00:22:42 - Running with Spring Boot v1.5.3.RELEASE, Spring v4.3.8.RELEASE
2017-07-24 00:22:42 - No active profile set, falling back to default profiles: default
2017-07-24 00:22:48 - Started Application in 5.979 seconds (JVM running for 6.517)
2017-07-24 00:22:51 - controller advice:model Attribute
2017-07-24 00:22:54 - controller advice:model Attribute
2017-07-24 00:22:54 - controller advice: init binder
2017-07-24 00:22:54 - controller advice: init binder
2017-07-24 00:22:54 - Found 122 foodtrucks within 1.0 miles from location { latitude: 37.7749295, longitude: -122.41941550000001}
2017-07-24 00:23:05 - controller advice:model Attribute
2017-07-24 00:23:05 - controller advice: init binder
2017-07-24 00:23:05 - controller advice: init binder
2017-07-24 00:23:05 - Found 0 foodtrucks within 1.0 miles from location { latitude: 37.8590937, longitude: -122.4852507}
2017-07-24 00:24:27 - Starting Application v0.1.0 on Yuxis-MacBook-Pro.local with PID 74563 (/Users/yuxij/Documents/jyx1369_cd/pp/foodtrucks/target/foodtruck-nearby-service-0.1.0.jar started by yuxij in /Users/yuxij/Documents/jyx1369_cd/pp/foodtrucks)
2017-07-24 00:24:27 - Running with Spring Boot v1.5.3.RELEASE, Spring v4.3.8.RELEASE
2017-07-24 00:24:27 - No active profile set, falling back to default profiles: default
2017-07-24 00:24:31 - Started Application in 4.852 seconds (JVM running for 5.363)
2017-07-24 00:24:32 - controller advice:model Attribute
2017-07-24 00:24:39 - controller advice:model Attribute
2017-07-24 00:24:39 - controller advice: init binder
2017-07-24 00:24:39 - controller advice: init binder
2017-07-24 00:24:39 - Found 0 foodtrucks within 1.0 miles from location { latitude: 37.8590937, longitude: -122.4852507}
2017-07-24 00:24:49 - controller advice:model Attribute
2017-07-24 00:24:49 - controller advice: init binder
2017-07-24 00:24:49 - controller advice: init binder
2017-07-24 00:24:49 - Found 122 foodtrucks within 1.0 miles from location { latitude: 37.7749295, longitude: -122.41941550000001}
2017-07-24 00:25:09 - controller advice:model Attribute
2017-07-24 00:25:09 - controller advice: init binder
2017-07-24 00:25:09 - controller advice: init binder
2017-07-24 00:25:09 - Found 34 foodtrucks within 1.0 miles from location { latitude: 37.7879365, longitude: -122.43197459999999}
2017-07-24 00:26:13 - Starting Application v0.1.0 on Yuxis-MacBook-Pro.local with PID 74610 (/Users/yuxij/Documents/jyx1369_cd/pp/foodtrucks/target/foodtruck-nearby-service-0.1.0.jar started by yuxij in /Users/yuxij/Documents/jyx1369_cd/pp/foodtrucks)
2017-07-24 00:26:13 - Running with Spring Boot v1.5.3.RELEASE, Spring v4.3.8.RELEASE
2017-07-24 00:26:13 - No active profile set, falling back to default profiles: default
2017-07-24 00:26:18 - Started Application in 5.646 seconds (JVM running for 6.163)
2017-07-24 00:26:19 - controller advice:model Attribute
2017-07-24 00:26:29 - controller advice:model Attribute
2017-07-24 00:26:29 - controller advice: init binder
2017-07-24 00:26:29 - controller advice: init binder
2017-07-24 00:26:29 - Found 3 foodtrucks within 1.0 miles from location { latitude: 37.721897, longitude: -122.47820939999997}
2017-07-24 00:42:45 - Starting Application v0.1.0 on Yuxis-MacBook-Pro.local with PID 75013 (/Users/yuxij/Documents/jyx1369_cd/pp/foodtrucks/target/foodtruck-nearby-service-0.1.0.jar started by yuxij in /Users/yuxij/Documents/jyx1369_cd/pp/foodtrucks)
2017-07-24 00:42:45 - Running with Spring Boot v1.5.3.RELEASE, Spring v4.3.8.RELEASE
2017-07-24 00:42:45 - No active profile set, falling back to default profiles: default
2017-07-24 00:42:49 - Started Application in 4.999 seconds (JVM running for 5.519)
2017-07-24 00:42:50 - controller advice:model Attribute
2017-07-24 00:42:58 - controller advice:model Attribute
2017-07-24 00:43:01 - controller advice:model Attribute
2017-07-24 00:43:06 - controller advice:model Attribute
2017-07-24 00:43:30 - controller advice:model Attribute
2017-07-24 00:43:33 - controller advice:model Attribute
2017-07-24 00:44:38 - controller advice:model Attribute
2017-07-24 00:47:22 - Starting Application v0.1.0 on Yuxis-MacBook-Pro.local with PID 75169 (/Users/yuxij/Documents/jyx1369_cd/pp/foodtrucks/target/foodtruck-nearby-service-0.1.0.jar started by yuxij in /Users/yuxij/Documents/jyx1369_cd/pp/foodtrucks)
2017-07-24 00:47:22 - Running with Spring Boot v1.5.3.RELEASE, Spring v4.3.8.RELEASE
2017-07-24 00:47:22 - No active profile set, falling back to default profiles: default
2017-07-24 00:47:28 - Started Application in 6.127 seconds (JVM running for 6.643)
2017-07-24 00:47:29 - controller advice:model Attribute
2017-07-24 00:47:33 - controller advice:model Attribute
2017-07-24 00:47:33 - controller advice: init binder
2017-07-24 00:47:33 - controller advice: init binder
2017-07-24 00:47:33 - Found 122 foodtrucks within 1.0 miles from location { latitude: 37.7749295, longitude: -122.41941550000001}
2017-07-24 00:47:50 - controller advice:model Attribute
2017-07-24 00:47:50 - controller advice: init binder
2017-07-24 00:47:50 - controller advice: init binder
2017-07-24 00:47:50 - Found 3 foodtrucks within 1.0 miles from location { latitude: 37.721897, longitude: -122.47820939999997}
2017-07-24 00:49:26 - Starting Application v0.1.0 on Yuxis-MacBook-Pro.local with PID 75225 (/Users/yuxij/Documents/jyx1369_cd/pp/foodtrucks/target/foodtruck-nearby-service-0.1.0.jar started by yuxij in /Users/yuxij/Documents/jyx1369_cd/pp/foodtrucks)
2017-07-24 00:49:26 - Running with Spring Boot v1.5.3.RELEASE, Spring v4.3.8.RELEASE
2017-07-24 00:49:26 - No active profile set, falling back to default profiles: default
2017-07-24 00:49:32 - Started Application in 6.038 seconds (JVM running for 6.554)
2017-07-24 00:49:32 - controller advice:model Attribute
2017-07-24 00:49:47 - controller advice:model Attribute
2017-07-24 00:49:47 - controller advice: init binder
2017-07-24 00:49:47 - controller advice: init binder
2017-07-24 00:49:47 - Found 3 foodtrucks within 1.0 miles from location { latitude: 37.721897, longitude: -122.47820939999997}
2017-07-24 01:06:31 - Starting Application v0.1.0 on Yuxis-MacBook-Pro.local with PID 75614 (/Users/yuxij/Documents/jyx1369_cd/pp/foodtrucks/target/foodtruck-nearby-service-0.1.0.jar started by yuxij in /Users/yuxij/Documents/jyx1369_cd/pp/foodtrucks)
2017-07-24 01:06:31 - Running with Spring Boot v1.5.3.RELEASE, Spring v4.3.8.RELEASE
2017-07-24 01:06:31 - No active profile set, falling back to default profiles: default
2017-07-24 01:06:37 - Started Application in 6.018 seconds (JVM running for 6.56)
2017-07-24 01:06:52 - controller advice:model Attribute
2017-07-24 01:06:59 - controller advice:model Attribute
2017-07-24 01:06:59 - controller advice: init binder
2017-07-24 01:06:59 - controller advice: init binder
2017-07-24 01:06:59 - Found 3 foodtrucks within 1.0 miles from location { latitude: 37.721897, longitude: -122.47820939999997}
2017-07-24 01:11:24 - Starting Application v0.1.0 on Yuxis-MacBook-Pro.local with PID 75668 (/Users/yuxij/Documents/jyx1369_cd/pp/foodtrucks/target/foodtruck-nearby-service-0.1.0.jar started by yuxij in /Users/yuxij/Documents/jyx1369_cd/pp/foodtrucks)
2017-07-24 01:11:24 - Running with Spring Boot v1.5.3.RELEASE, Spring v4.3.8.RELEASE
2017-07-24 01:11:24 - No active profile set, falling back to default profiles: default
2017-07-24 01:11:29 - Started Application in 5.718 seconds (JVM running for 6.224)
2017-07-24 01:11:30 - controller advice:model Attribute
2017-07-24 01:11:38 - controller advice:model Attribute
2017-07-24 01:11:38 - controller advice: init binder
2017-07-24 01:11:38 - controller advice: init binder
2017-07-24 01:11:38 - Found 3 foodtrucks within 1.0 miles from location { latitude: 37.721897, longitude: -122.47820939999997}
2017-07-24 01:20:25 - Starting Application v0.1.0 on Yuxis-MacBook-Pro.local with PID 75747 (/Users/yuxij/Documents/jyx1369_cd/pp/foodtrucks/target/foodtruck-nearby-service-0.1.0.jar started by yuxij in /Users/yuxij/Documents/jyx1369_cd/pp/foodtrucks)
2017-07-24 01:20:25 - Running with Spring Boot v1.5.3.RELEASE, Spring v4.3.8.RELEASE
2017-07-24 01:20:25 - No active profile set, falling back to default profiles: default
2017-07-24 01:20:29 - Started Application in 4.469 seconds (JVM running for 4.98)
2017-07-24 01:20:34 - controller advice:model Attribute
2017-07-24 01:20:42 - controller advice:model Attribute
2017-07-24 01:20:42 - controller advice: init binder
2017-07-24 01:20:42 - controller advice: init binder
2017-07-24 01:20:42 - Found 3 foodtrucks within 1.0 miles from location { latitude: 37.721897, longitude: -122.47820939999997}
2017-07-24 01:21:31 - Starting Application v0.1.0 on Yuxis-MacBook-Pro.local with PID 75767 (/Users/yuxij/Documents/jyx1369_cd/pp/foodtrucks/target/foodtruck-nearby-service-0.1.0.jar started by yuxij in /Users/yuxij/Documents/jyx1369_cd/pp/foodtrucks)
2017-07-24 01:21:31 - Running with Spring Boot v1.5.3.RELEASE, Spring v4.3.8.RELEASE
2017-07-24 01:21:31 - No active profile set, falling back to default profiles: default
2017-07-24 01:21:36 - Started Application in 5.498 seconds (JVM running for 6.015)
2017-07-24 01:22:02 - controller advice:model Attribute
2017-07-24 01:22:09 - controller advice:model Attribute
2017-07-24 01:22:09 - controller advice: init binder
2017-07-24 01:22:09 - controller advice: init binder
2017-07-24 01:22:10 - Found 3 foodtrucks within 1.0 miles from location { latitude: 37.721897, longitude: -122.47820939999997}
2017-07-24 01:40:00 - Exception thrown: com.mysql.jdbc.exceptions.jdbc4.MySQLSyntaxErrorException: You have an error in your SQL syntax; check the manual that corresponds to your MySQL server version for the right syntax to use near 'longitude>=-180 AND longitude<=180), json TEXT, PRIMARY KEY ( locationid))' at line 1
2017-07-24 01:40:00 - Exception thrown: com.mysql.jdbc.exceptions.jdbc4.MySQLSyntaxErrorException: Table 'foodtrucks.foodtruck' doesn't exist
2017-07-24 01:42:35 - Exception thrown: com.mysql.jdbc.exceptions.jdbc4.MySQLSyntaxErrorException: You have an error in your SQL syntax; check the manual that corresponds to your MySQL server version for the right syntax to use near 'CONSTRAINT CHK_LOCATION_RANGE CHECK (latitude>=-90 AND latitude<=90 AND longitud' at line 1
2017-07-24 01:42:35 - Exception thrown: com.mysql.jdbc.exceptions.jdbc4.MySQLSyntaxErrorException: Table 'foodtrucks.foodtruck' doesn't exist
2017-07-24 01:44:06 - Starting Application v0.1.0 on Yuxis-MacBook-Pro.local with PID 75992 (/Users/yuxij/Documents/jyx1369_cd/pp/foodtrucks/target/foodtruck-nearby-service-0.1.0.jar started by yuxij in /Users/yuxij/Documents/jyx1369_cd/pp/foodtrucks)
2017-07-24 01:44:06 - Running with Spring Boot v1.5.3.RELEASE, Spring v4.3.8.RELEASE
2017-07-24 01:44:06 - No active profile set, falling back to default profiles: default
2017-07-24 01:44:12 - Started Application in 6.191 seconds (JVM running for 6.736)
2017-07-24 01:44:23 - controller advice:model Attribute
2017-07-24 01:44:29 - controller advice:model Attribute
2017-07-24 01:44:29 - controller advice: init binder
2017-07-24 01:44:29 - controller advice: init binder
2017-07-24 01:44:29 - Found 3 foodtrucks within 1.0 miles from location { latitude: 37.721897, longitude: -122.47820939999997}
